\BOOKMARK [1][]{section.1}{\376\377\116\000\060\001\000\040\225\356\230\230\221\315\217\360}{}% 1
\BOOKMARK [2][]{subsection.1.1}{\376\377\0001\000.\0001\000\040\225\356\230\230\200\314\146\157}{section.1}% 2
\BOOKMARK [2][]{subsection.1.2}{\376\377\0001\000.\0002\000\040\225\356\230\230\166\204\143\320\121\372}{section.1}% 3
\BOOKMARK [1][]{section.2}{\376\377\116\214\060\001\000\040\152\041\127\213\166\204\120\107\213\276}{}% 4
\BOOKMARK [1][]{section.3}{\376\377\116\011\060\001\000\040\173\046\123\367\213\364\146\016}{}% 5
\BOOKMARK [1][]{section.4}{\376\377\126\333\060\001\000\040\225\356\230\230\122\006\147\220}{}% 6
\BOOKMARK [2][]{subsection.4.1}{\376\377\0004\000.\0001\000\040\225\356\230\230\116\000}{section.4}% 7
\BOOKMARK [2][]{subsection.4.2}{\376\377\0004\000.\0002\000\040\225\356\230\230\116\214}{section.4}% 8
\BOOKMARK [2][]{subsection.4.3}{\376\377\0004\000.\0003\000\040\225\356\230\230\116\011}{section.4}% 9
\BOOKMARK [2][]{subsection.4.4}{\376\377\0004\000.\0004\000\040\225\356\230\230\126\333}{section.4}% 10
\BOOKMARK [1][]{section.5}{\376\377\116\224\060\001\000\040\152\041\127\213\166\204\136\372\172\313\123\312\154\102\211\343}{}% 11
\BOOKMARK [2][]{subsection.5.1}{\376\377\0005\000.\0001\000\040\225\356\230\230\116\000}{section.5}% 12
\BOOKMARK [3][]{subsubsection.5.1.1}{\376\377\0005\000.\0001\000.\0001\000\040\145\160\143\156\122\006\147\220\131\004\164\006}{subsection.5.1}% 13
\BOOKMARK [3][]{subsubsection.5.1.2}{\376\377\0005\000.\0001\000.\0002\000\040\133\232\116\367\137\161\124\315\126\340\175\040}{subsection.5.1}% 14
\BOOKMARK [3][]{subsubsection.5.1.3}{\376\377\0005\000.\0001\000.\0003\000\040\136\372\172\313\133\232\116\367\211\304\137\213}{subsection.5.1}% 15
\BOOKMARK [3][]{subsubsection.5.1.4}{\376\377\0005\000.\0001\000.\0004\000\040\122\006\147\220\116\373\122\241\147\052\133\214\142\020\166\204\123\237\126\340}{subsection.5.1}% 16
\BOOKMARK [2][]{subsection.5.2}{\376\377\0005\000.\0002\000\040\225\356\230\230\116\214}{section.5}% 17
\BOOKMARK [3][]{subsubsection.5.2.1}{\376\377\0005\000.\0002\000.\0001\000\040\152\041\127\213\136\372\172\313}{subsection.5.2}% 18
\BOOKMARK [3][]{subsubsection.5.2.2}{\376\377\0005\000.\0002\000.\0002\000\040\152\041\127\213\154\102\211\343}{subsection.5.2}% 19
\BOOKMARK [3][]{subsubsection.5.2.3}{\376\377\0005\000.\0002\000.\0003\000\040\116\016\123\237\145\271\150\110\153\324\217\203}{subsection.5.2}% 20
\BOOKMARK [2][]{subsection.5.3}{\376\377\0005\000.\0003\000\040\225\356\230\230\116\011}{section.5}% 21
\BOOKMARK [3][]{subsubsection.5.3.1}{\376\377\0005\000.\0003\000.\0001\000\040\170\156\133\232\142\123\123\005\145\271\150\110}{subsection.5.3}% 22
\BOOKMARK [3][]{subsubsection.5.3.2}{\376\377\0005\000.\0003\000.\0002\000\040\117\356\145\071\133\232\116\367\152\041\127\213}{subsection.5.3}% 23
\BOOKMARK [2][]{subsection.5.4}{\376\377\0005\000.\0004\000\040\225\356\230\230\126\333}{section.5}% 24
\BOOKMARK [3][]{subsubsection.5.4.1}{\376\377\0005\000.\0004\000.\0001\000\040\152\041\127\213\136\372\172\313}{subsection.5.4}% 25
\BOOKMARK [3][]{subsubsection.5.4.2}{\376\377\0005\000.\0004\000.\0002\000\040\152\041\127\213\154\102\211\343}{subsection.5.4}% 26
\BOOKMARK [1][]{section.6}{\376\377\121\155\060\001\000\040\152\041\127\213\213\304\116\367}{}% 27
\BOOKMARK [2][]{subsubsection.6.0.1}{\376\377\0006\000.\0000\000.\0001\000\040\136\224\165\050\116\016\143\250\136\177}{section.6}% 28
\BOOKMARK [3][]{subsubsection.6.0.2}{\376\377\0006\000.\0000\000.\0002\000\040\117\030\160\271}{subsubsection.6.0.1}% 29
\BOOKMARK [3][]{subsubsection.6.0.3}{\376\377\0006\000.\0000\000.\0003\000\040\177\072\160\271}{subsubsection.6.0.1}% 30
\BOOKMARK [1][]{section*.5}{\376\377\123\302\200\003\145\207\163\056}{}% 31
\BOOKMARK [1][]{appendix.7}{\376\377\116\003\060\001\000\040\126\376\162\107}{}% 32
\BOOKMARK [1][]{appendix.8}{\376\377\121\153\060\001\000\040\176\330\122\066\146\156\220\032\116\011\176\277\210\150\150\074}{}% 33
\BOOKMARK [1][]{appendix.9}{\376\377\116\135\060\001\000\040\121\154\137\017}{}% 34
\BOOKMARK [1][]{appendix.10}{\376\377\123\101\060\001\000\040\121\166\133\203\134\017\122\237\200\375}{}% 35
\BOOKMARK [2][]{subsection.10.1}{\376\377\0001\0000\000.\0001\000\040\201\032\154\350}{appendix.10}% 36
\BOOKMARK [2][]{subsection.10.2}{\376\377\0001\0000\000.\0002\000\040\145\340\136\217\122\027\210\150\116\016\147\011\136\217\122\027\210\150}{appendix.10}% 37
\BOOKMARK [2][]{subsection.10.3}{\376\377\0001\0000\000.\0003\000\040\133\127\117\123\122\240\174\227\116\016\145\234\117\123}{appendix.10}% 38
\BOOKMARK [1][]{appendix.11}{\376\377\123\101\116\000\060\001\000\040\123\302\200\003\145\207\163\056\116\016\137\025\165\050}{}% 39
\BOOKMARK [1][]{section*.11}{\376\377\123\302\200\003\145\207\163\056}{}% 40
\BOOKMARK [1][]{appendix.2.A}{\376\377\226\104\137\125\000\040\000A\000\040\152\041\147\177\142\100\165\050\166\204\133\217\123\005}{}% 41
\BOOKMARK [1][]{appendix.2.B}{\376\377\226\104\137\125\000\040\000B\000\040\143\222\226\037\173\227\154\325\040\023\000m\000a\000t\000l\000a\000b\000\040\156\220\172\013\136\217}{}% 42
\BOOKMARK [1][]{appendix.2.C}{\376\377\226\104\137\125\000\040\000C\000\040\211\304\122\022\211\343\121\263\172\013\136\217\040\023\000l\000i\000n\000g\000o\156\220\116\343\170\001}{}% 43
